<?xml version="1.0" encoding="UTF-8"?>
<testsuite name="Tp9Test" tests="1" skipped="0" failures="0" errors="0" timestamp="2022-03-17T14:06:12" hostname="fds0205" time="0.085">
  <properties/>
  <testcase name="contextLoads()" classname="Tp9Test" time="0.085"/>
  <system-out><![CDATA[[PASSWORD] : $2a$10$QIABo9TtTsc/faiNFanAm.zGnK33EgGUD9YQ.pitA7xweo3vnYVcC
]]></system-out>
  <system-err><![CDATA[]]></system-err>
</testsuite>
